生成启动时间为 2016/4/21 22:47:47。
     1>项目“E:\qtplayer\videowidget+ui----+标题栏大小+qss+可调整大小+slider定型\videowidget.vcxproj”在节点 2 上(Build 个目标)。
     1>CustomBuild:
         Moc'ing videoplayer.h...
         Uic'ing ui\myplayer.ui...
     1>E:\qtplayer\videowidget+ui----+标题栏大小+qss+可调整大小+slider定型\ui\myplayer.ui : warning : Z-order assignment: '' is not a valid widget.
     1>E:\qtplayer\videowidget+ui----+标题栏大小+qss+可调整大小+slider定型\ui\myplayer.ui : warning : Z-order assignment: '' is not a valid widget.
         Moc'ing playlistmodel.h...
         Moc'ing widget.h...
         Moc'ing controller.h...
         Rcc'ing ui\myplayer.qrc...
     1>C:\Program Files (x86)\MSBuild\Microsoft.Cpp\v4.0\V120\Microsoft.CppBuild.targets(935,5): warning MSB8027: Two or more files with the name of moc_controller.cpp will produce outputs to the same location. This can lead to an incorrect build result.  The files involved are GeneratedFiles\Debug\moc_controller.cpp, GeneratedFiles\Release\moc_controller.cpp.
     1>C:\Program Files (x86)\MSBuild\Microsoft.Cpp\v4.0\V120\Microsoft.CppBuild.targets(935,5): warning MSB8027: Two or more files with the name of moc_playlistmodel.cpp will produce outputs to the same location. This can lead to an incorrect build result.  The files involved are GeneratedFiles\Debug\moc_playlistmodel.cpp, GeneratedFiles\Release\moc_playlistmodel.cpp.
     1>C:\Program Files (x86)\MSBuild\Microsoft.Cpp\v4.0\V120\Microsoft.CppBuild.targets(935,5): warning MSB8027: Two or more files with the name of moc_videoplayer.cpp will produce outputs to the same location. This can lead to an incorrect build result.  The files involved are GeneratedFiles\Debug\moc_videoplayer.cpp, GeneratedFiles\Release\moc_videoplayer.cpp.
     1>C:\Program Files (x86)\MSBuild\Microsoft.Cpp\v4.0\V120\Microsoft.CppBuild.targets(935,5): warning MSB8027: Two or more files with the name of moc_widget.cpp will produce outputs to the same location. This can lead to an incorrect build result.  The files involved are GeneratedFiles\Debug\moc_widget.cpp, GeneratedFiles\Release\moc_widget.cpp.
       ClCompile:
         F:\tools\cpp\visual studio 2013\vs\VC\bin\CL.exe /c /I. /IF:\tools\qt\qt5.5.1win32sys\sys\5.5\msvc2013\include /IF:\tools\qt\qt5.5.1win32sys\sys\5.5\msvc2013\include\QtMultimediaWidgets /IF:\tools\qt\qt5.5.1win32sys\sys\5.5\msvc2013\include\QtMultimedia /IF:\tools\qt\qt5.5.1win32sys\sys\5.5\msvc2013\include\QtWidgets /IF:\tools\qt\qt5.5.1win32sys\sys\5.5\msvc2013\include\QtGui /IF:\tools\qt\qt5.5.1win32sys\sys\5.5\msvc2013\include\QtANGLE /IF:\tools\qt\qt5.5.1win32sys\sys\5.5\msvc2013\include\QtNetwork /IF:\tools\qt\qt5.5.1win32sys\sys\5.5\msvc2013\include\QtCore /Idebug /I"F:\tools\qt\qt5.5.1win32sys\sys\5.5\msvc2013\mkspecs\win32-msvc2013" /I.\GeneratedFiles /Zi /nologo /W3 /WX- /Od /Oy- /D _WINDOWS /D UNICODE /D WIN32 /D QT_WIDGETS_LIB /D QT_GUI_LIB /D QT_NETWORK_LIB /D QT_CORE_LIB /Gm- /EHsc /MDd /GS /fp:precise /Zc:wchar_t /Zc:forScope /GR /Fo"Win32\Debug\\" /Fd"Win32\Debug\vc120.pdb" /Gd /TP /analyze- /errorReport:prompt -w34100 -w34189 -w44996 controller.cpp GeneratedFiles\Debug\moc_controller.cpp GeneratedFiles\Debug\moc_playlistmodel.cpp GeneratedFiles\Debug\moc_videoplayer.cpp GeneratedFiles\Debug\moc_widget.cpp main.cpp playlistmodel.cpp videoplayer.cpp widget.cpp
         controller.cpp
     1>E:\qtplayer\videowidget+ui----+标题栏大小+qss+可调整大小+slider定型\GeneratedFiles\ui_myplayer.h(12): fatal error C1083: 无法打开包括文件: “QtCore/QVariant”: No such file or directory
         moc_controller.cpp
     1>E:\qtplayer\videowidget+ui----+标题栏大小+qss+可调整大小+slider定型\GeneratedFiles\ui_myplayer.h(12): fatal error C1083: 无法打开包括文件: “QtCore/QVariant”: No such file or directory
         moc_playlistmodel.cpp
     1>E:\qtplayer\videowidget+ui----+标题栏大小+qss+可调整大小+slider定型\GeneratedFiles\ui_myplayer.h(12): fatal error C1083: 无法打开包括文件: “QtCore/QVariant”: No such file or directory
         moc_videoplayer.cpp
     1>E:\qtplayer\videowidget+ui----+标题栏大小+qss+可调整大小+slider定型\GeneratedFiles\ui_myplayer.h(12): fatal error C1083: 无法打开包括文件: “QtCore/QVariant”: No such file or directory
         moc_widget.cpp
     1>E:\qtplayer\videowidget+ui----+标题栏大小+qss+可调整大小+slider定型\GeneratedFiles\ui_myplayer.h(12): fatal error C1083: 无法打开包括文件: “QtCore/QVariant”: No such file or directory
         main.cpp
     1>E:\qtplayer\videowidget+ui----+标题栏大小+qss+可调整大小+slider定型\GeneratedFiles\ui_myplayer.h(12): fatal error C1083: 无法打开包括文件: “QtCore/QVariant”: No such file or directory
         playlistmodel.cpp
     1>E:\qtplayer\videowidget+ui----+标题栏大小+qss+可调整大小+slider定型\GeneratedFiles\ui_myplayer.h(12): fatal error C1083: 无法打开包括文件: “QtCore/QVariant”: No such file or directory
         videoplayer.cpp
     1>E:\qtplayer\videowidget+ui----+标题栏大小+qss+可调整大小+slider定型\GeneratedFiles\ui_myplayer.h(12): fatal error C1083: 无法打开包括文件: “QtCore/QVariant”: No such file or directory
         widget.cpp
     1>E:\qtplayer\videowidget+ui----+标题栏大小+qss+可调整大小+slider定型\GeneratedFiles\ui_myplayer.h(12): fatal error C1083: 无法打开包括文件: “QtCore/QVariant”: No such file or directory
         正在生成代码...
     1>已完成生成项目“E:\qtplayer\videowidget+ui----+标题栏大小+qss+可调整大小+slider定型\videowidget.vcxproj”(Build 个目标)的操作 - 失败。

生成失败。

已用时间 00:00:14.37
